<?xml version="1.0" encoding="UTF-8"?>
<testsuite xmlns:xsi="http://www.w3.org/2001/XMLSchema-instance" xsi:noNamespaceSchemaLocation="https://maven.apache.org/surefire/maven-surefire-plugin/xsd/surefire-test-report.xsd" version="3.0.2" name="com.cognizant.springlearn.HandsOn1ApplicationTests" time="3.925" tests="1" errors="0" skipped="0" failures="0" flakes="0">
  <properties>
[...]
</properties>
  <testcase name="contextLoads" classname="com.cognizant.springlearn.HandsOn1ApplicationTests" time="1.1">
    <system-out><![CDATA[23:04:49.004 [main] INFO org.springframework.test.context.support.AnnotationConfigContextLoaderUtils -- Could not detect default configuration classes for test class [com.cognizant.springlearn.HandsOn1ApplicationTests]: HandsOn1ApplicationTests does not declare any static, non-private, non-final, nested classes annotated with @Configuration.
23:04:49.296 [main] INFO org.springframework.boot.test.context.SpringBootTestContextBootstrapper -- Found @SpringBootConfiguration com.cognizant.springlearn.HandsOn1Application for test class com.cognizant.springlearn.HandsOn1ApplicationTests
23:04:49.595 [main] INFO org.springframework.test.context.support.AnnotationConfigContextLoaderUtils -- Could not detect default configuration classes for test class [com.cognizant.springlearn.HandsOn1ApplicationTests]: HandsOn1ApplicationTests does not declare any static, non-private, non-final, nested classes annotated with @Configuration.
23:04:49.596 [main] INFO org.springframework.boot.test.context.SpringBootTestContextBootstrapper -- Found @SpringBootConfiguration com.cognizant.springlearn.HandsOn1Application for test class com.cognizant.springlearn.HandsOn1ApplicationTests
23:04:49.679 [main] INFO org.springframework.boot.devtools.restart.RestartApplicationListener -- Restart disabled due to context in which it is running

  .   ____          _            __ _ _
 /\\ / ___'_ __ _ _(_)_ __  __ _ \ \ \ \
( ( )\___ | '_ | '_| | '_ \/ _` | \ \ \ \
 \\/  ___)| |_)| | | | | || (_| |  ) ) ) )
  '  |____| .__|_| |_|_| |_\__, | / / / /
 =========|_|==============|___/=/_/_/_/

 :: Spring Boot ::                (v4.1.0)

2026-07-09T23:04:49.972+05:30  INFO 15184 --- [HandsOn-1] [           main] c.c.s.HandsOn1ApplicationTests           : Starting HandsOn1ApplicationTests using Java 25.0.2 with PID 15184 (started by ABC in D:\DN-Java-FSE\Spring Data Rest\HandsOn-1)
2026-07-09T23:04:49.973+05:30  INFO 15184 --- [HandsOn-1] [           main] c.c.s.HandsOn1ApplicationTests           : No active profile set, falling back to 1 default profile: "default"
2026-07-09T23:04:51.577+05:30  INFO 15184 --- [HandsOn-1] [           main] c.c.s.HandsOn1ApplicationTests           : Started HandsOn1ApplicationTests in 1.911 seconds (process running for 3.632)
]]></system-out>
    <system-err><![CDATA[Mockito is currently self-attaching to enable the inline-mock-maker. This will no longer work in future releases of the JDK. Please add Mockito as an agent to your build as described in Mockito's documentation: https://javadoc.io/doc/org.mockito/mockito-core/latest/org.mockito/org/mockito/Mockito.html#0.3
WARNING: A Java agent has been loaded dynamically (C:\Users\ABC\.m2\repository\net\bytebuddy\byte-buddy-agent\1.18.10\byte-buddy-agent-1.18.10.jar)
WARNING: If a serviceability tool is in use, please run with -XX:+EnableDynamicAgentLoading to hide this warning
WARNING: If a serviceability tool is not in use, please run with -Djdk.instrument.traceUsage for more information
WARNING: Dynamic loading of agents will be disallowed by default in a future release
]]></system-err>
  </testcase>
</testsuite>